      Lattice Mapping Report File for Design Module 'smack_buds_impl_1'

Target Vendor:        LATTICE
Target Device:        iCE40UP5KSG48
Target Performance:   High-Performance_1.2V

Mapper:    version Radiant Software (64-bit) 3.2.1.217.3
Mapped on: Fri Dec  2 23:15:01 2022

Design Information
------------------

Command line:   map -i smack_buds_impl_1_syn.udb -pdc
     C:/Users/noahs/my_designs/smash_buds/smack_buds.pdc -o
     smack_buds_impl_1_map.udb -mp smack_buds_impl_1.mrp -hierrpt -gui

Design Summary
--------------

   Number of slice registers:  96 out of  5280 (2%)
   Number of I/O registers:      2 out of   117 (2%)
   Number of LUT4s:           259 out of  5280 (5%)
      Number of logic LUT4s:             120
      Number of inserted feedthru LUT4s:   7
      Number of ripple logic:             66 (132 LUT4s)
   Number of IO sites used:   14 out of 39 (36%)
      Number of IO sites used for general PIO: 14
      Number of IO sites used for I3C: 0 out of 2 (0%)
      (note: If I3C is not used, its site can be used as general PIO)
      Number of IO sites used for PIO+I3C: 14 out of 36 (39%)
      Number of IO sites used for OD+RGB IO buffers: 0 out of 3 (0%)
      (note: If RGB LED drivers are not used, sites can be used as OD outputs,
       see TN1288 iCE40 LED Driver Usage Guide)
      Number of IO sites used for PIO+I3C+OD+RGB: 14 out of 39 (36%)
   Number of DSPs:             0 out of 8 (0%)
   Number of I2Cs:             0 out of 2 (0%)
   Number of High Speed OSCs:  1 out of 1 (100%)
   Number of Low Speed OSCs:   0 out of 1 (0%)
   Number of RGB PWM:          0 out of 1 (0%)
   Number of RGB Drivers:      0 out of 1 (0%)
   Number of SCL FILTERs:      0 out of 2 (0%)
   Number of SRAMs:            0 out of 4 (0%)
   Number of WARMBOOTs:        0 out of 1 (0%)
   Number of SPIs:             0 out of 2 (0%)
   Number of EBRs:             0 out of 30 (0%)
   Number of PLLs:             1 out of 1 (100%)
   Number of Clocks:  6
      Net internal25clk: 22 loads, 22 rising, 0 falling (Driver: Pin
     pll.lscc_pll_inst.u_PLL_B/OUTGLOBAL)
      Net ext12m_c: 1 loads, 1 rising, 0 falling (Driver: Port ext12m)
      Net internal60hzclk: 20 loads, 20 rising, 0 falling (Driver: Pin
     sixtyHZclock.i2602_4_lut/Z)
      Net controller1.clk: 11 loads, 11 rising, 0 falling (Driver: Pin
     controller1.the_hsosc/CLKHF)
      Net controller_latch_c: 5 loads, 5 rising, 0 falling (Driver: Pin
     controller1.i7_4_lut/Z)
      Net controller_clock_c: 8 loads, 8 rising, 0 falling (Driver: Pin
     controller1.i1_4_lut/Z)
   Number of Clock Enables:  3
      Net RGB_pad[2].vcc: 1 loads, 0 SLICEs
      Net n179: 6 loads, 6 SLICEs
      Net patternmaker.game.n1166: 10 loads, 10 SLICEs

                                    Page 1





Design Summary (cont)
---------------------
   Number of LSRs:  4
      Net col_9__N_101: 6 loads, 6 SLICEs
      Net row_9__N_112: 6 loads, 6 SLICEs
      Net x_9__N_193: 20 loads, 20 SLICEs
      Net controller1.counter_20__N_51: 11 loads, 11 SLICEs
   Top 10 highest fanout non-clock nets:
      Net RGB_pad[2].vcc: 29 loads
      Net x_9__N_193: 21 loads
      Net controller1.counter_20__N_51: 11 loads
      Net controller_buttons_signal[1]: 11 loads
      Net patternmaker.game.n114: 11 loads
      Net patternmaker.game.n1166: 10 loads
      Net patternmaker.game.n1793: 10 loads
      Net patternmaker.game.n19: 10 loads
      Net patternmaker.game.yVelocity[0]: 8 loads
      Net col_9__N_101: 7 loads




   Number of warnings:  0
   Number of errors:    0

Design Errors/Warnings
----------------------

   No errors or warnings present.

IO (PIO) Attributes
-------------------

+---------------------+-----------+-----------+-------+-------+-----------+
| IO Name             | Direction | Levelmode |  IO   |  IO   | Special   |
|                     |           |  IO_TYPE  |  REG  |  DDR  | IO Buffer |
+---------------------+-----------+-----------+-------+-------+-----------+
| RGB[2]              | OUTPUT    |           |       |       |           |
+---------------------+-----------+-----------+-------+-------+-----------+
| RGB[3]              | OUTPUT    |           |       |       |           |
+---------------------+-----------+-----------+-------+-------+-----------+
| RGB[4]              | OUTPUT    |           |       |       |           |
+---------------------+-----------+-----------+-------+-------+-----------+
| RGB[5]              | OUTPUT    |           |       |       |           |
+---------------------+-----------+-----------+-------+-------+-----------+
| up                  | OUTPUT    |           | O     |       |           |
+---------------------+-----------+-----------+-------+-------+-----------+
| VSYNC               | OUTPUT    |           |       |       |           |
+---------------------+-----------+-----------+-------+-------+-----------+
| HSYNC               | OUTPUT    |           |       |       |           |
+---------------------+-----------+-----------+-------+-------+-----------+
| RGB[1]              | OUTPUT    |           |       |       |           |
+---------------------+-----------+-----------+-------+-------+-----------+
| RGB[0]              | OUTPUT    |           |       |       |           |
+---------------------+-----------+-----------+-------+-------+-----------+
| testPLLout          | OUTPUT    |           |       |       |           |
+---------------------+-----------+-----------+-------+-------+-----------+
| controller_latch    | OUTPUT    |           |       |       |           |
+---------------------+-----------+-----------+-------+-------+-----------+

                                    Page 2





IO (PIO) Attributes (cont)
--------------------------
| controller_clock    | OUTPUT    |           |       |       |           |
+---------------------+-----------+-----------+-------+-------+-----------+
| ext12m              | INPUT     |           |       |       |           |
+---------------------+-----------+-----------+-------+-------+-----------+
| controller_in       | INPUT     |           | I     |       |           |
+---------------------+-----------+-----------+-------+-------+-----------+

Removed logic
-------------

Block i1 was optimized away.

PLL/DLL Summary
---------------

PLL 1:                                 Pin/Node Value
  PLL Instance Name:                            pll/lscc_pll_inst/u_PLL_B
  Input Reference Clock:               PIN      ext12m_c
  Output Clock(CoreA):                 PIN      testPLLout_c
  Output Clock(GlobalA):               NODE     internal25clk
  Output Clock(CoreB):                          NONE
  Output Clock(GlobalB):                        NONE
  Feedback input:                      NODE     pll.lscc_pll_inst.feedback_w
  Internal Feedback output:            NODE     pll.lscc_pll_inst.feedback_w
  BYPASS signal:                                GND
  LATCH signal:                                 GND
  Lock Signal:                                  NONE
  Input Clock Frequency (MHz):                  NA
  Reference Divider:                            0
  Feedback Divider:                             66
  VCO Divider:                                  5
  ENABLE_ICEGATE_PORTA:                         0
  ENABLE_ICEGATE_PORTB:                         0
  PLLOUT_SELECT_PORTA:                          GENCLK
  PLLOUT_SELECT_PORTB:                          GENCLK
  SHIFTREG_DIV_MODE:                            0
  DELAY_ADJUSTMENT_MODE_RELATIVE:               FIXED
  FDA_RELATIVE:                                 0
  FEEDBACK_PATH:                                SIMPLE
  DELAY_ADJUSTMENT_MODE_FEEDBACK:               FIXED
  FDA_FEEDBACK:                                 0
  FILTER_RANGE:                                 1
  EXTERNAL_DIVIDE_FACTOR:                       NONE
  TEST Mode:                                    0

OSC Summary
-----------

OSC 1:                                 Pin/Node Value
  OSC Instance Name:                            controller1/the_hsosc
  Power UP:                            NODE     RGB_pad[2].vcc
  Enable Signal:                       NODE     RGB_pad[2].vcc
  OSC Output:                          NODE     controller1.clk
  DIV Setting:                                  00




                                    Page 3





ASIC Components
---------------

Instance Name: pll/lscc_pll_inst/u_PLL_B
         Type: PLL
Instance Name: controller1/shift_i0
         Type: IOLOGIC
Instance Name: controller1/output_i3
         Type: IOLOGIC
Instance Name: controller1/the_hsosc
         Type: HFOSC

Run Time and Memory Usage
-------------------------

   Total CPU Time: 0 secs
   Total REAL Time: 0 secs
   Peak Memory Usage: 59 MB










































                                    Page 4


Copyright (c) 1991-1994 by NeoCAD Inc. All rights reserved.
Copyright (c) 1995
     AT&T Corp.   All rights reserved.
Copyright (c) 1995-2001 Lucent
     Technologies Inc.  All rights reserved.
Copyright (c) 2001 Agere Systems
     All rights reserved.
Copyright (c) 2002-2022 Lattice Semiconductor
     Corporation,  All rights reserved.
